# JRE version: OpenJDK Runtime Environment (8.0_242) (build 1.8.0_242-release-1644-b3-6222593)
# Java VM: OpenJDK 64-Bit Server VM (25.242-b3-6222593 mixed mode linux-amd64 compressed oops)
Heap:
 PSYoungGen      total 444928K, used 49702K [0x00000000d5580000, 0x00000000fc680000, 0x0000000100000000)
  eden space 418304K, 5% used [0x00000000d5580000,0x00000000d6c0fb58,0x00000000eee00000)
  from space 26624K, 99% used [0x00000000eee00000,0x00000000f07f9f68,0x00000000f0800000)
  to   space 35840K, 0% used [0x00000000fa380000,0x00000000fa380000,0x00000000fc680000)
 ParOldGen       total 151040K, used 49680K [0x0000000080000000, 0x0000000089380000, 0x00000000d5580000)
  object space 151040K, 32% used [0x0000000080000000,0x0000000083084380,0x0000000089380000)
 Metaspace       used 79280K, capacity 82318K, committed 82560K, reserved 1120256K
  class space    used 10697K, capacity 11367K, committed 11392K, reserved 1048576K
GC Heap History (10 events):
Event: 3.405 GC heap before
{Heap before GC invocations=8 (full 2):
 PSYoungGen      total 256000K, used 11655K [0x00000000d5580000, 0x00000000e6080000, 0x0000000100000000)
  eden space 241664K, 0% used [0x00000000d5580000,0x00000000d5580000,0x00000000e4180000)
  from space 14336K, 81% used [0x00000000e5280000,0x00000000e5de1f28,0x00000000e6080000)
  to   space 15872K, 0% used [0x00000000e4180000,0x00000000e4180000,0x00000000e5100000)
 ParOldGen       total 81408K, used 10815K [0x0000000080000000, 0x0000000084f80000, 0x00000000d5580000)
  object space 81408K, 13% used [0x0000000080000000,0x0000000080a8fcb8,0x0000000084f80000)
 Metaspace       used 34502K, capacity 35406K, committed 35496K, reserved 1079296K
  class space    used 4772K, capacity 5042K, committed 5120K, reserved 1048576K
Event: 3.455 GC heap after
Heap after GC invocations=8 (full 2):
 PSYoungGen      total 256000K, used 0K [0x00000000d5580000, 0x00000000e6080000, 0x0000000100000000)
  eden space 241664K, 0% used [0x00000000d5580000,0x00000000d5580000,0x00000000e4180000)
  from space 14336K, 0% used [0x00000000e5280000,0x00000000e5280000,0x00000000e6080000)
  to   space 15872K, 0% used [0x00000000e4180000,0x00000000e4180000,0x00000000e5100000)
 ParOldGen       total 109056K, used 19307K [0x0000000080000000, 0x0000000086a80000, 0x00000000d5580000)
  object space 109056K, 17% used [0x0000000080000000,0x00000000812dafa0,0x0000000086a80000)
 Metaspace       used 34502K, capacity 35406K, committed 35496K, reserved 1079296K
  class space    used 4772K, capacity 5042K, committed 5120K, reserved 1048576K
}
Event: 5.507 GC heap before
{Heap before GC invocations=9 (full 2):
 PSYoungGen      total 256000K, used 241664K [0x00000000d5580000, 0x00000000e6080000, 0x0000000100000000)
  eden space 241664K, 100% used [0x00000000d5580000,0x00000000e4180000,0x00000000e4180000)
  from space 14336K, 0% used [0x00000000e5280000,0x00000000e5280000,0x00000000e6080000)
  to   space 15872K, 0% used [0x00000000e4180000,0x00000000e4180000,0x00000000e5100000)
 ParOldGen       total 109056K, used 19307K [0x0000000080000000, 0x0000000086a80000, 0x00000000d5580000)
  object space 109056K, 17% used [0x0000000080000000,0x00000000812dafa0,0x0000000086a80000)
 Metaspace       used 55584K, capacity 57546K, committed 57728K, reserved 1099776K
  class space    used 7482K, capacity 7957K, committed 8064K, reserved 1048576K
Event: 5.529 GC heap after
Heap after GC invocations=9 (full 2):
 PSYoungGen      total 257536K, used 15840K [0x00000000d5580000, 0x00000000f2380000, 0x0000000100000000)
  eden space 241664K, 0% used [0x00000000d5580000,0x00000000d5580000,0x00000000e4180000)
  from space 15872K, 99% used [0x00000000e4180000,0x00000000e50f83d0,0x00000000e5100000)
  to   space 25600K, 0% used [0x00000000f0a80000,0x00000000f0a80000,0x00000000f2380000)
 ParOldGen       total 109056K, used 34646K [0x0000000080000000, 0x0000000086a80000, 0x00000000d5580000)
  object space 109056K, 31% used [0x0000000080000000,0x00000000821d5928,0x0000000086a80000)
 Metaspace       used 55584K, capacity 57546K, committed 57728K, reserved 1099776K
  class space    used 7482K, capacity 7957K, committed 8064K, reserved 1048576K
}
Event: 5.714 GC heap before
{Heap before GC invocations=10 (full 2):
 PSYoungGen      total 257536K, used 53575K [0x00000000d5580000, 0x00000000f2380000, 0x0000000100000000)
  eden space 241664K, 15% used [0x00000000d5580000,0x00000000d7a59920,0x00000000e4180000)
  from space 15872K, 99% used [0x00000000e4180000,0x00000000e50f83d0,0x00000000e5100000)
  to   space 25600K, 0% used [0x00000000f0a80000,0x00000000f0a80000,0x00000000f2380000)
 ParOldGen       total 109056K, used 34646K [0x0000000080000000, 0x0000000086a80000, 0x00000000d5580000)
  object space 109056K, 31% used [0x0000000080000000,0x00000000821d5928,0x0000000086a80000)
 Metaspace       used 56997K, capacity 59118K, committed 59160K, reserved 1099776K
  class space    used 7736K, capacity 8278K, committed 8320K, reserved 1048576K
Event: 5.724 GC heap after
Heap after GC invocations=10 (full 2):
 PSYoungGen      total 442368K, used 19313K [0x00000000d5580000, 0x00000000f2200000, 0x0000000100000000)
  eden space 418304K, 0% used [0x00000000d5580000,0x00000000d5580000,0x00000000eee00000)
  from space 24064K, 80% used [0x00000000f0a80000,0x00000000f1d5c720,0x00000000f2200000)
  to   space 26624K, 0% used [0x00000000eee00000,0x00000000eee00000,0x00000000f0800000)
 ParOldGen       total 109056K, used 34654K [0x0000000080000000, 0x0000000086a80000, 0x00000000d5580000)
  object space 109056K, 31% used [0x0000000080000000,0x00000000821d7928,0x0000000086a80000)
 Metaspace       used 56997K, capacity 59118K, committed 59160K, reserved 1099776K
  class space    used 7736K, capacity 8278K, committed 8320K, reserved 1048576K
}
Event: 5.724 GC heap before
{Heap before GC invocations=11 (full 3):
 PSYoungGen      total 442368K, used 19313K [0x00000000d5580000, 0x00000000f2200000, 0x0000000100000000)
  eden space 418304K, 0% used [0x00000000d5580000,0x00000000d5580000,0x00000000eee00000)
  from space 24064K, 80% used [0x00000000f0a80000,0x00000000f1d5c720,0x00000000f2200000)
  to   space 26624K, 0% used [0x00000000eee00000,0x00000000eee00000,0x00000000f0800000)
 ParOldGen       total 109056K, used 34654K [0x0000000080000000, 0x0000000086a80000, 0x00000000d5580000)
  object space 109056K, 31% used [0x0000000080000000,0x00000000821d7928,0x0000000086a80000)
 Metaspace       used 56997K, capacity 59118K, committed 59160K, reserved 1099776K
  class space    used 7736K, capacity 8278K, committed 8320K, reserved 1048576K
Event: 5.864 GC heap after
Heap after GC invocations=11 (full 3):
 PSYoungGen      total 442368K, used 0K [0x00000000d5580000, 0x00000000f2200000, 0x0000000100000000)
  eden space 418304K, 0% used [0x00000000d5580000,0x00000000d5580000,0x00000000eee00000)
  from space 24064K, 0% used [0x00000000f0a80000,0x00000000f0a80000,0x00000000f2200000)
  to   space 26624K, 0% used [0x00000000eee00000,0x00000000eee00000,0x00000000f0800000)
 ParOldGen       total 151040K, used 36297K [0x0000000080000000, 0x0000000089380000, 0x00000000d5580000)
  object space 151040K, 24% used [0x0000000080000000,0x0000000082372720,0x0000000089380000)
 Metaspace       used 56938K, capacity 58944K, committed 59160K, reserved 1099776K
  class space    used 7719K, capacity 8227K, committed 8320K, reserved 1048576K
}
Event: 8.565 GC heap before
{Heap before GC invocations=12 (full 3):
 PSYoungGen      total 442368K, used 418304K [0x00000000d5580000, 0x00000000f2200000, 0x0000000100000000)
  eden space 418304K, 100% used [0x00000000d5580000,0x00000000eee00000,0x00000000eee00000)
  from space 24064K, 0% used [0x00000000f0a80000,0x00000000f0a80000,0x00000000f2200000)
  to   space 26624K, 0% used [0x00000000eee00000,0x00000000eee00000,0x00000000f0800000)
 ParOldGen       total 151040K, used 36297K [0x0000000080000000, 0x0000000089380000, 0x00000000d5580000)
  object space 151040K, 24% used [0x0000000080000000,0x0000000082372720,0x0000000089380000)
 Metaspace       used 76972K, capacity 80008K, committed 80256K, reserved 1118208K
  class space    used 10443K, capacity 11136K, committed 11136K, reserved 1048576K
Event: 8.594 GC heap after
Heap after GC invocations=12 (full 3):
 PSYoungGen      total 444928K, used 26599K [0x00000000d5580000, 0x00000000fc680000, 0x0000000100000000)
  eden space 418304K, 0% used [0x00000000d5580000,0x00000000d5580000,0x00000000eee00000)
  from space 26624K, 99% used [0x00000000eee00000,0x00000000f07f9f68,0x00000000f0800000)
  to   space 35840K, 0% used [0x00000000fa380000,0x00000000fa380000,0x00000000fc680000)
 ParOldGen       total 151040K, used 49680K [0x0000000080000000, 0x0000000089380000, 0x00000000d5580000)
  object space 151040K, 32% used [0x0000000080000000,0x0000000083084380,0x0000000089380000)
 Metaspace       used 76972K, capacity 80008K, committed 80256K, reserved 1118208K
  class space    used 10443K, capacity 11136K, committed 11136K, reserved 1048576K
}

